[debug] [2023-08-22T16:06:06.097Z] ----------------------------------------------------------------------
[debug] [2023-08-22T16:06:06.100Z] Command:       /home/hawk/.nvm/versions/node/v18.17.1/bin/node /home/hawk/.nvm/versions/node/v18.17.1/bin/firebase init
[debug] [2023-08-22T16:06:06.100Z] CLI Version:   12.4.8
[debug] [2023-08-22T16:06:06.100Z] Platform:      linux
[debug] [2023-08-22T16:06:06.100Z] Node Version:  v18.17.1
[debug] [2023-08-22T16:06:06.101Z] Time:          Tue Aug 22 2023 19:36:06 GMT+0330 (Iran Standard Time)
[debug] [2023-08-22T16:06:06.101Z] ----------------------------------------------------------------------
[debug] 
[debug] [2023-08-22T16:06:06.104Z] >>> [apiv2][query] GET https://firebase-public.firebaseio.com/cli.json [none]
[debug] [2023-08-22T16:06:06.136Z] > command requires scopes: ["email","openid","https://www.googleapis.com/auth/cloudplatformprojects.readonly","https://www.googleapis.com/auth/firebase","https://www.googleapis.com/auth/cloud-platform"]
[debug] [2023-08-22T16:06:06.136Z] > authorizing via signed-in user (hawk.azizi1@gmail.com)
[info] 
     ######## #### ########  ######## ########     ###     ######  ########
     ##        ##  ##     ## ##       ##     ##  ##   ##  ##       ##
     ######    ##  ########  ######   ########  #########  ######  ######
     ##        ##  ##    ##  ##       ##     ## ##     ##       ## ##
     ##       #### ##     ## ######## ########  ##     ##  ######  ########

You're about to initialize a Firebase project in this directory:

  /home/hawk/Documents/CineVerse

[info] 
=== Project Setup
[info] 
[info] First, let's associate this project directory with a Firebase project.
[info] You can create multiple project aliases by running firebase use --add, 
[info] but for now we'll just set up a default project.
[info] 
[debug] [2023-08-22T16:06:13.896Z] >>> [apiv2][query] GET https://firebase.googleapis.com/v1beta1/projects pageSize=100
[debug] [2023-08-22T16:06:14.520Z] <<< [apiv2][status] GET https://firebase.googleapis.com/v1beta1/projects 403
[debug] [2023-08-22T16:06:14.521Z] <<< [apiv2][body] GET https://firebase.googleapis.com/v1beta1/projects [omitted]
[debug] [2023-08-22T16:06:14.522Z] Unable to parse JSON: SyntaxError: Unexpected token < in JSON at position 0
[debug] [2023-08-22T16:06:15.037Z] FirebaseError: Unable to parse JSON: SyntaxError: Unexpected token < in JSON at position 0
    at RetryOperation._fn (/home/hawk/.nvm/versions/node/v18.17.1/lib/node_modules/firebase-tools/lib/apiv2.js:257:39)
    at process.processTicksAndRejections (node:internal/process/task_queues:95:5)
[error] 
[error] Error: Failed to list Firebase projects. See firebase-debug.log for more info.
